<?xml version="1.0"?><coverage lines-covered="2" lines-valid="160" line-rate="0.0125" branches-covered="0" branches-valid="0" branch-rate="0" complexity="0" version="1.9" timestamp="1658854749"><sources><source>/home/rafael/Desktop/Rafael/rust_iot</source></sources><packages><package name="infra/src/env" line-rate="0" branch-rate="0" complexity="0"><classes><class name="mod" filename="infra/src/env/mod.rs" line-rate="0" branch-rate="0" complexity="0"><methods/><lines><line number="25" hits="0"/><line number="26" hits="0"/></lines></class></classes></package><package name="s.mqtt/src" line-rate="0" branch-rate="0" complexity="0"><classes><class name="main" filename="s.mqtt/src/main.rs" line-rate="0" branch-rate="0" complexity="0"><methods/><lines><line number="17" hits="0"/><line number="18" hits="0"/><line number="19" hits="0"/><line number="20" hits="0"/><line number="22" hits="0"/><line number="24" hits="0"/><line number="25" hits="0"/><line number="27" hits="0"/><line number="29" hits="0"/><line number="30" hits="0"/><line number="31" hits="0"/><line number="33" hits="0"/><line number="35" hits="0"/><line number="36" hits="0"/><line number="37" hits="0"/><line number="38" hits="0"/><line number="40" hits="0"/></lines></class></classes></package><package name="s.grpc/src" line-rate="0.5" branch-rate="0" complexity="0"><classes><class name="main" filename="s.grpc/src/main.rs" line-rate="0.5" branch-rate="0" complexity="0"><methods/><lines><line number="1" hits="2"/><line number="2" hits="0"/></lines></class></classes></package><package name="domain/src" line-rate="0" branch-rate="0" complexity="0"><classes></classes></package><package name="infra/src/logging" line-rate="0" branch-rate="0" complexity="0"><classes><class name="mod" filename="infra/src/logging/mod.rs" line-rate="0" branch-rate="0" complexity="0"><methods/><lines><line number="18" hits="0"/><line number="19" hits="0"/><line number="21" hits="0"/><line number="23" hits="0"/><line number="25" hits="0"/><line number="26" hits="0"/><line number="27" hits="0"/><line number="28" hits="0"/><line number="32" hits="0"/><line number="33" hits="0"/><line number="35" hits="0"/><line number="36" hits="0"/><line number="38" hits="0"/><line number="39" hits="0"/><line number="40" hits="0"/><line number="45" hits="0"/><line number="47" hits="0"/><line number="48" hits="0"/><line number="49" hits="0"/><line number="52" hits="0"/><line number="55" hits="0"/><line number="57" hits="0"/><line number="58" hits="0"/><line number="59" hits="0"/><line number="60" hits="0"/><line number="61" hits="0"/><line number="62" hits="0"/></lines></class></classes></package><package name="s.amqp/src" line-rate="0" branch-rate="0" complexity="0"><classes><class name="main" filename="s.amqp/src/main.rs" line-rate="0" branch-rate="0" complexity="0"><methods/><lines><line number="9" hits="0"/><line number="10" hits="0"/><line number="11" hits="0"/><line number="14" hits="0"/><line number="17" hits="0"/><line number="18" hits="0"/><line number="20" hits="0"/><line number="23" hits="0"/><line number="24" hits="0"/><line number="29" hits="0"/><line number="33" hits="0"/><line number="34" hits="0"/><line number="39" hits="0"/><line number="40" hits="0"/><line number="42" hits="0"/><line number="44" hits="0"/><line number="46" hits="0"/><line number="47" hits="0"/><line number="54" hits="0"/><line number="55" hits="0"/><line number="60" hits="0"/><line number="64" hits="0"/><line number="66" hits="0"/></lines></class></classes></package><package name="s.http/src" line-rate="0.5" branch-rate="0" complexity="0"><classes><class name="main" filename="s.http/src/main.rs" line-rate="0.5" branch-rate="0" complexity="0"><methods/><lines><line number="1" hits="2"/><line number="2" hits="0"/></lines></class></classes></package><package name="infra/src/errors" line-rate="0" branch-rate="0" complexity="0"><classes><class name="mod" filename="infra/src/errors/mod.rs" line-rate="0" branch-rate="0" complexity="0"><methods/><lines><line number="9" hits="0"/><line number="10" hits="0"/><line number="17" hits="0"/></lines></class></classes></package><package name="infra/src" line-rate="0" branch-rate="0" complexity="0"><classes></classes></package><package name="infra/src/mqtt" line-rate="0" branch-rate="0" complexity="0"><classes><class name="mod" filename="infra/src/mqtt/mod.rs" line-rate="0" branch-rate="0" complexity="0"><methods/><lines><line number="49" hits="0"/><line number="50" hits="0"/><line number="51" hits="0"/><line number="52" hits="0"/><line number="53" hits="0"/><line number="72" hits="0"/><line number="73" hits="0"/><line number="76" hits="0"/><line number="77" hits="0"/><line number="78" hits="0"/><line number="80" hits="0"/><line number="82" hits="0"/><line number="87" hits="0"/><line number="94" hits="0"/><line number="96" hits="0"/><line number="97" hits="0"/><line number="98" hits="0"/><line number="99" hits="0"/><line number="102" hits="0"/><line number="104" hits="0"/><line number="105" hits="0"/><line number="108" hits="0"/><line number="115" hits="0"/><line number="117" hits="0"/><line number="121" hits="0"/><line number="122" hits="0"/><line number="123" hits="0"/><line number="124" hits="0"/><line number="125" hits="0"/><line number="128" hits="0"/><line number="129" hits="0"/><line number="132" hits="0"/><line number="133" hits="0"/><line number="134" hits="0"/><line number="135" hits="0"/><line number="136" hits="0"/><line number="139" hits="0"/><line number="140" hits="0"/><line number="141" hits="0"/><line number="142" hits="0"/><line number="143" hits="0"/><line number="146" hits="0"/><line number="147" hits="0"/><line number="148" hits="0"/><line number="152" hits="0"/><line number="153" hits="0"/><line number="158" hits="0"/><line number="159" hits="0"/><line number="161" hits="0"/><line number="162" hits="0"/><line number="163" hits="0"/><line number="164" hits="0"/><line number="167" hits="0"/><line number="170" hits="0"/><line number="171" hits="0"/><line number="176" hits="0"/><line number="177" hits="0"/><line number="178" hits="0"/><line number="180" hits="0"/><line number="181" hits="0"/><line number="182" hits="0"/><line number="185" hits="0"/><line number="187" hits="0"/><line number="188" hits="0"/><line number="189" hits="0"/><line number="192" hits="0"/><line number="194" hits="0"/><line number="195" hits="0"/><line number="196" hits="0"/><line number="200" hits="0"/><line number="202" hits="0"/><line number="204" hits="0"/></lines></class></classes></package><package name="app/src" line-rate="0" branch-rate="0" complexity="0"><classes></classes></package><package name="app/src/delivery_iot_msgs" line-rate="0" branch-rate="0" complexity="0"><classes><class name="mod" filename="app/src/delivery_iot_msgs/mod.rs" line-rate="0" branch-rate="0" complexity="0"><methods/><lines><line number="12" hits="0"/><line number="13" hits="0"/><line number="16" hits="0"/><line number="17" hits="0"/><line number="22" hits="0"/><line number="23" hits="0"/><line number="24" hits="0"/></lines></class></classes></package><package name="infra/src/tracing" line-rate="0" branch-rate="0" complexity="0"><classes></classes></package><package name="s.mqtt/src/controllers" line-rate="0" branch-rate="0" complexity="0"><classes><class name="iot" filename="s.mqtt/src/controllers/iot.rs" line-rate="0" branch-rate="0" complexity="0"><methods/><lines><line number="12" hits="0"/><line number="15" hits="0"/><line number="20" hits="0"/><line number="21" hits="0"/><line number="23" hits="0"/></lines></class></classes></package></packages></coverage>